<?xml version="1.0" encoding="UTF-8"?>
<!-- Generated by org.testng.reporters.JUnitReportReporter -->
<testsuite hostname="salman-PC" name="Testcases.Testtogcr" tests="1" failures="0" timestamp="25 Feb 2020 05:26:13 GMT" time="4.989" errors="0">
  <testcase name="launchbrowser" time="4.989" classname="Testcases.Testtogcr"/>
</testsuite> <!-- Testcases.Testtogcr -->
